2024-01-03 01:43:24,352 Droplet created with ID: 393640875
2024-01-03 01:44:13,296 Droplet shutdown initiated.
2024-01-03 01:44:25,745 Droplet is powered off.
2024-01-03 01:51:01,707 Snapshot completed with ID: 1995031542
2024-01-03 01:51:02,156 Droplet destroyed.
2024-01-03 01:51:56,519 Droplet shutdown initiated.
2024-01-03 01:52:18,068 Droplet is powered off.
2024-01-03 01:53:40,977 Snapshot completed with ID: 1995036730
2024-01-03 01:53:41,303 Droplet destroyed.2024-01-03 02:07:43,980 Volume created with ID: 8dc8679d-aa17-11ee-a45c-0a58ac14b3b2
2024-01-03 02:11:39,683 Volume created with ID: 2836bcdc-aa18-11ee-b450-0a58ac14b7c2
2024-01-03 02:11:41,961 Droplet created with ID: 393644496
2024-01-03 02:17:18,920 Volume created with ID: f2725563-aa18-11ee-b450-0a58ac14b7c2
2024-01-03 02:17:20,030 Droplet created with ID: 393645263
2024-01-03 02:22:42,706 Volume created with ID: a59b5b08-aa19-11ee-8ef6-0a58ac14b913
2024-01-03 02:22:43,514 Droplet created with ID: 393645942
2024-01-03 02:23:16,652 Volume a59b5b08-aa19-11ee-8ef6-0a58ac14b913 attached to droplet 393645942
2024-01-04 22:41:26,915 Volume created with ID: 1151e9e8-ab8d-11ee-8603-0a58ac14ba9d
2024-01-04 22:41:27,720 Droplet created with ID: 393969067
2024-01-04 22:42:12,351 Volume 1151e9e8-ab8d-11ee-8603-0a58ac14ba9d attached to droplet 393969067
2024-01-04 23:15:53,425 Droplet shutdown initiated.
2024-01-04 23:16:15,959 Droplet is powered off.
2024-01-04 23:16:16,336 Attached Volumes: 1151e9e8-ab8d-11ee-8603-0a58ac14ba9d
2024-01-04 23:16:18,411 Volume 1151e9e8-ab8d-11ee-8603-0a58ac14ba9d detached from droplet 393969067
2024-01-04 23:17:52,354 Snapshot completed with ID: 1996889829
2024-01-04 23:17:53,775 Droplet destroyed.
2024-01-04 23:49:58,175 Snapshot ID not found: 1996889829
2024-01-04 23:56:49,920 Snapshot found: 147578510
2024-01-04 23:57:56,914 Snapshot found: 147578510
2024-01-04 23:57:57,710 Restoration of droplet 393974904 initiated from snapshot 147578510.
2024-01-04 23:58:41,043 Action create completed for droplet 393974904.
2024-01-04 23:58:41,814 Droplet shutdown initiated.
2024-01-05 00:07:22,840 Snapshot found: 147578510
2024-01-05 00:07:23,518 Restoration of droplet 393975833 initiated from snapshot 147578510.
2024-01-05 00:08:06,184 Action create completed for droplet 393975833.
2024-01-05 00:08:06,502 Droplet shutdown initiated.
2024-01-05 00:24:34,939 Snapshot found: 147578510
2024-01-05 00:24:36,129 Restoration of droplet 393978164 initiated from snapshot 147578510.
2024-01-05 00:25:19,653 Action create completed for droplet 393978164.
2024-01-05 00:37:38,158 Droplet shutdown initiated.
2024-01-05 00:38:00,201 Action shutdown completed for droplet 393978164.
2024-01-05 00:38:00,647 Attached Volumes: 1151e9e8-ab8d-11ee-8603-0a58ac14ba9d
2024-01-05 00:38:02,506 Volume 1151e9e8-ab8d-11ee-8603-0a58ac14ba9d detached from droplet 393978164
2024-01-05 00:39:15,484 Snapshot completed with ID: 1996933499
2024-01-05 00:39:15,760 Droplet destroyed.
2024-01-05 00:46:02,322 Snapshot found: 147579536
2024-01-05 00:46:03,309 Restoration of droplet 393980511 initiated from snapshot 147579536.
2024-01-05 00:46:46,708 Action create completed for droplet 393980511.
2024-01-05 00:59:35,336 Droplet shutdown initiated.
2024-01-05 00:59:57,749 Action shutdown completed for droplet 393980511.
2024-01-05 00:59:58,050 Attached Volumes: 1151e9e8-ab8d-11ee-8603-0a58ac14ba9d
2024-01-05 01:00:00,167 Volume 1151e9e8-ab8d-11ee-8603-0a58ac14ba9d detached from droplet 393980511
2024-01-05 01:01:21,863 Action snapshot completed for droplet 393980511.
2024-01-05 01:01:22,303 Snapshot completed with ID: 393980511
2024-01-05 01:01:22,566 Droplet destroyed.
2024-01-05 01:04:35,242 Snapshot ID not found: 393980511
2024-01-05 01:06:07,430 Snapshot found: 147579616
2024-01-05 01:06:08,842 Restoration of droplet 393982301 initiated from snapshot 147579616.
2024-01-05 01:06:51,695 Action create completed for droplet 393982301.
2024-01-05 01:08:06,309 Droplet shutdown initiated.
2024-01-05 01:08:28,323 Action shutdown completed for droplet 393982301.
2024-01-05 01:08:28,747 Attached Volumes: 1151e9e8-ab8d-11ee-8603-0a58ac14ba9d
2024-01-05 01:08:30,432 Volume 1151e9e8-ab8d-11ee-8603-0a58ac14ba9d detached from droplet 393982301
2024-01-05 01:08:30,904 Snapshot initiation for droplet 393982301 started.
2024-01-05 01:10:02,914 Action snapshot completed for droplet 393982301.
2024-01-05 01:15:35,956 Droplet shutdown initiated.
2024-01-05 01:15:48,297 Action shutdown completed for droplet 393982301.
2024-01-05 01:15:48,839 Attached Volumes: 1151e9e8-ab8d-11ee-8603-0a58ac14ba9d
2024-01-05 01:15:50,562 Volume 1151e9e8-ab8d-11ee-8603-0a58ac14ba9d detached from droplet 393982301
2024-01-05 01:15:51,070 Snapshot initiation for droplet 393982301 started.
2024-01-05 01:16:03,286 Action snapshot completed for droplet 393982301.
2024-01-05 01:17:04,737 Failed to find the snapshot ID after several retries.
2024-01-05 01:17:05,150 Droplet destroyed.
2024-01-05 01:22:03,435 Snapshot found: 147579616
2024-01-05 01:22:05,185 Restoration of droplet 393983371 initiated from snapshot 147579616.
2024-01-05 01:22:47,961 Action create completed for droplet 393983371.
2024-01-05 01:23:08,135 Droplet shutdown initiated.
2024-01-05 01:23:30,409 Action shutdown completed for droplet 393983371.
2024-01-05 01:23:30,710 Snapshot initiation for droplet 393983371 started.
2024-01-05 01:24:51,724 Action snapshot completed for droplet 393983371.
2024-01-05 01:24:57,774 Snapshot completed with ID: 147587982
2024-01-05 01:24:58,001 Droplet destroyed.
2024-01-05 01:25:27,667 Snapshot found: 147587982
2024-01-05 01:25:28,406 Restoration of droplet 393983673 initiated from snapshot 147587982.
2024-01-05 01:26:11,064 Action create completed for droplet 393983673.
2024-01-05 01:34:56,373 Droplet shutdown initiated.
2024-01-05 01:35:18,814 Action shutdown completed for droplet 393983673.
2024-01-05 01:35:19,641 Snapshot initiation for droplet 393983673 started.
2024-01-05 01:36:50,791 Action snapshot completed for droplet 393983673.
2024-01-05 01:36:57,334 Snapshot completed with ID: 147588153
2024-01-05 01:36:57,638 Droplet destroyed.
2024-01-05 02:07:34,370 Volume created with ID: dceb2d5f-aba9-11ee-93c2-0a58ac14b928
2024-01-05 02:07:35,267 Droplet created with ID: 393988422
2024-01-05 02:08:18,405 Action create completed for droplet 393988422.
2024-01-05 02:08:19,394 Volume dceb2d5f-aba9-11ee-93c2-0a58ac14b928 attached to droplet 393988422
2024-01-05 02:08:19,913 Cleaned up droplet with ID: 393988422
2024-01-05 02:12:30,188 Volume created with ID: 8d59628c-abaa-11ee-a83c-0a58ac14b57c
2024-01-05 02:12:31,571 Droplet created with ID: 393988983
2024-01-05 02:13:13,998 Action create completed for droplet 393988983.
2024-01-05 02:13:15,051 Volume 8d59628c-abaa-11ee-a83c-0a58ac14b57c attached to droplet 393988983
2024-01-05 02:20:46,529 Volume created with ID: b513c8d7-abab-11ee-a83c-0a58ac14b57c
2024-01-05 02:20:46,783 Error during droplet creation: Object of type Volume is not JSON serializable
2024-01-05 02:20:47,053 Failed to clean up droplet: 
2024-01-05 02:25:13,603 Volume created with ID: 545dd2df-abac-11ee-8603-0a58ac14ba9d
2024-01-05 02:25:14,645 Droplet created with ID: 393990537, with volume 545dd2df-abac-11ee-8603-0a58ac14ba9d attached
2024-01-05 02:25:57,655 Action create completed for droplet 393990537.
2024-01-05 02:34:52,020 Droplet shutdown initiated.
2024-01-05 02:35:14,670 Action shutdown completed for droplet 393990537.
2024-01-05 02:35:14,679 Skipping snapshot creation as per request.
2024-01-05 02:35:14,907 Droplet destroyed.
2024-01-05 02:44:25,721 Snapshot found: 147588153
2024-01-05 02:44:26,810 Restoration of droplet 393992826 initiated from snapshot 147588153.
2024-01-05 02:45:09,669 Action create completed for droplet 393992826.
2024-01-05 02:46:11,002 Droplet shutdown initiated.
2024-01-05 02:46:33,113 Action shutdown completed for droplet 393992826.
2024-01-05 02:46:35,650 Detaching volume 1151e9e8-ab8d-11ee-8603-0a58ac14ba9d from droplet 393992826
2024-01-05 02:50:19,832 Droplet shutdown initiated.
2024-01-05 02:50:30,880 Action shutdown completed for droplet 393992826.
2024-01-05 02:50:31,147 Skipping snapshot creation as per request.
2024-01-05 02:50:31,646 Droplet destroyed.
2024-01-05 02:51:50,832 Snapshot found: 147588153
2024-01-05 02:51:51,861 Restoration of droplet 393993749 initiated from snapshot 147588153.
2024-01-05 02:52:34,983 Action create completed for droplet 393993749.
2024-01-05 02:53:20,081 Droplet shutdown initiated.
2024-01-05 02:53:42,371 Action shutdown completed for droplet 393993749.
2024-01-05 02:53:44,684 Detaching volume 1151e9e8-ab8d-11ee-8603-0a58ac14ba9d from droplet 393993749
2024-01-05 03:01:58,469 Droplet shutdown initiated.
2024-01-05 03:02:06,060 Action shutdown completed for droplet 393993749.
2024-01-05 03:02:08,221 Initiating detachment of volume 1151e9e8-ab8d-11ee-8603-0a58ac14ba9d from droplet 393993749
2024-01-05 03:02:14,083 Volume 1151e9e8-ab8d-11ee-8603-0a58ac14ba9d successfully detached from droplet 393993749.
2024-01-05 03:02:14,086 Skipping snapshot creation as per request.
2024-01-05 03:02:14,723 Droplet destroyed.
